This file contains any messages produced by compilers while
running configure, to aid debugging if configure makes a mistake.

It was created by mpc configure 0.9, which was
generated by GNU Autoconf 2.67.  Invocation command line was

  $ /sources/builddir/gcc-4.6.2/mpc/configure --cache-file=./config.cache --prefix=/tools --disable-nls --disable-shared --disable-multilib --disable-decimal-float --disable-threads --disable-libmudflap --disable-libssp --disable-libgomp --disable-libquadmath --disable-target-libiberty --disable-target-zlib --without-ppl --without-cloog --with-mpfr-include=/sources/builddir/gcc-build/../gcc-4.6.2/mpfr/src --with-mpfr-lib=/sources/builddir/gcc-build/mpfr/src/.libs --enable-languages=c,lto --program-transform-name=s&^&i686-lfs-linux-gnu-& --disable-option-checking --build=i686-pc-linux-gnu --host=i686-pc-linux-gnu --target=i686-lfs-linux-gnu --srcdir=../../gcc-4.6.2/mpc --disable-shared --with-gmp-include=/sources/builddir/gcc-build/./gmp --with-gmp-lib=/sources/builddir/gcc-build/./gmp/.libs

## --------- ##
## Platform. ##
## --------- ##

hostname = localhost
uname -m = i686
uname -r = 3.1.0-lfscript4r16
uname -s = Linux
uname -v = #1 SMP Mon Dec 5 18:32:20 UTC 2011

/usr/bin/uname -p = unknown
/bin/uname -X     = unknown

/bin/arch              = i686
/usr/bin/arch -k       = unknown
/usr/convex/getsysinfo = unknown
/usr/bin/hostinfo      = unknown
/bin/machine           = unknown
/usr/bin/oslevel       = unknown
/bin/universe          = unknown

PATH: /tools/bin
PATH: /bin
PATH: /usr/bin


## ----------- ##
## Core tests. ##
## ----------- ##

configure:2307: creating cache ./config.cache
configure:2429: checking for a BSD-compatible install
configure:2497: result: /usr/bin/install -c
configure:2508: checking whether build environment is sane
configure:2558: result: yes
configure:2699: checking for a thread-safe mkdir -p
configure:2738: result: /bin/mkdir -p
configure:2751: checking for gawk
configure:2778: result: gawk
configure:2789: checking whether make sets $(MAKE)
configure:2811: result: yes
configure:2892: checking whether to enable maintainer-specific portions of Makefiles
configure:2901: result: no
configure:2919: checking build system type
configure:2933: result: i686-pc-linux-gnu
configure:2953: checking host system type
configure:2966: result: i686-pc-linux-gnu
configure:3073: checking for i686-pc-linux-gnu-gcc
configure:3100: result: gcc
configure:3369: checking for C compiler version
configure:3378: gcc --version >&5
gcc (GCC) 4.6.2
Copyright (C) 2011 Free Software Foundation, Inc.
This is free software; see the source for copying conditions.  There is NO
warranty; not even for MERCHANTABILITY or FITNESS FOR A PARTICULAR PURPOSE.

configure:3389: $? = 0
configure:3378: gcc -v >&5
Using built-in specs.
COLLECT_GCC=gcc
COLLECT_LTO_WRAPPER=/usr/lib/gcc/i486-pc-linux-gnu/4.6.2/lto-wrapper
Target: i486-pc-linux-gnu
Configured with: ../gcc-4.6.2/configure --prefix=/usr --libexecdir=/usr/lib --enable-shared --enable-threads=posix --enable-__cxa_atexit --enable-clocale=gnu --enable-languages=c,c++ --disable-multilib --disable-bootstrap --with-system-zlib
Thread model: posix
gcc version 4.6.2 (GCC) 
configure:3389: $? = 0
configure:3378: gcc -V >&5
gcc: error: unrecognized option '-V'
gcc: fatal error: no input files
compilation terminated.
configure:3389: $? = 1
configure:3378: gcc -qversion >&5
gcc: error: unrecognized option '-qversion'
gcc: fatal error: no input files
compilation terminated.
configure:3389: $? = 1
configure:3409: checking whether the C compiler works
configure:3431: gcc -g -O2 -I/sources/builddir/gcc-build/./gmp -I/sources/builddir/gcc-build/../gcc-4.6.2/mpfr/src  -L/sources/builddir/gcc-build/./gmp/.libs -L/sources/builddir/gcc-build/mpfr/src/.libs   conftest.c  >&5
configure:3435: $? = 0
configure:3483: result: yes
configure:3486: checking for C compiler default output file name
configure:3488: result: a.out
configure:3494: checking for suffix of executables
configure:3501: gcc -o conftest -g -O2 -I/sources/builddir/gcc-build/./gmp -I/sources/builddir/gcc-build/../gcc-4.6.2/mpfr/src  -L/sources/builddir/gcc-build/./gmp/.libs -L/sources/builddir/gcc-build/mpfr/src/.libs   conftest.c  >&5
configure:3505: $? = 0
configure:3527: result: 
configure:3549: checking whether we are cross compiling
configure:3557: gcc -o conftest -g -O2 -I/sources/builddir/gcc-build/./gmp -I/sources/builddir/gcc-build/../gcc-4.6.2/mpfr/src  -L/sources/builddir/gcc-build/./gmp/.libs -L/sources/builddir/gcc-build/mpfr/src/.libs   conftest.c  >&5
configure:3561: $? = 0
configure:3568: ./conftest
configure:3572: $? = 0
configure:3587: result: no
configure:3592: checking for suffix of object files
configure:3614: gcc -c -g -O2 -I/sources/builddir/gcc-build/./gmp -I/sources/builddir/gcc-build/../gcc-4.6.2/mpfr/src  conftest.c >&5
configure:3618: $? = 0
configure:3639: result: o
configure:3643: checking whether we are using the GNU C compiler
configure:3662: gcc -c -g -O2 -I/sources/builddir/gcc-build/./gmp -I/sources/builddir/gcc-build/../gcc-4.6.2/mpfr/src  conftest.c >&5
configure:3662: $? = 0
configure:3671: result: yes
configure:3680: checking whether gcc accepts -g
configure:3700: gcc -c -g -I/sources/builddir/gcc-build/./gmp -I/sources/builddir/gcc-build/../gcc-4.6.2/mpfr/src  conftest.c >&5
configure:3700: $? = 0
configure:3741: result: yes
configure:3758: checking for gcc option to accept ISO C89
configure:3822: gcc  -c -g -O2 -I/sources/builddir/gcc-build/./gmp -I/sources/builddir/gcc-build/../gcc-4.6.2/mpfr/src  conftest.c >&5
configure:3822: $? = 0
configure:3835: result: none needed
configure:3866: checking for style of include used by make
configure:3894: result: GNU
configure:3919: checking dependency style of gcc
configure:4029: result: gcc3
configure:4051: checking for gmp.h
configure:4060: gcc -c -g -O2 -I/sources/builddir/gcc-build/./gmp -I/sources/builddir/gcc-build/../gcc-4.6.2/mpfr/src  conftest.c >&5
configure:4060: $? = 0
configure:4061: result: yes
configure:4615: checking for a sed that does not truncate output
configure:4679: result: /bin/sed
configure:4697: checking for fgrep
configure:4759: result: /bin/fgrep
configure:4794: checking for ld used by gcc
configure:4861: result: ld
configure:4868: checking if the linker (ld) is GNU ld
configure:4883: result: yes
configure:4895: checking for BSD- or MS-compatible name lister (nm)
configure:4944: result: nm
configure:5062: checking the name lister (nm) interface
configure:5069: gcc -c -g -O2 -I/sources/builddir/gcc-build/./gmp -I/sources/builddir/gcc-build/../gcc-4.6.2/mpfr/src  conftest.c >&5
configure:5072: nm "conftest.o"
configure:5075: output
00000000 B some_variable
configure:5082: result: BSD nm
configure:5085: checking whether ln -s works
configure:5089: result: yes
configure:5097: checking the maximum length of command line arguments
configure:5217: result: 1572864
configure:5234: checking whether the shell understands some XSI constructs
configure:5244: result: yes
configure:5248: checking whether the shell understands "+="
configure:5254: result: yes
configure:5289: checking for ld option to reload object files
configure:5296: result: -r
configure:5325: checking for i686-pc-linux-gnu-objdump
configure:5352: result: objdump
configure:5424: checking how to recognize dependent libraries
configure:5620: result: pass_all
configure:5640: checking for i686-pc-linux-gnu-ar
configure:5667: result: ar
configure:5745: checking for i686-pc-linux-gnu-strip
configure:5775: result: no
configure:5785: checking for strip
configure:5801: found /usr/bin/strip
configure:5812: result: strip
configure:5844: checking for i686-pc-linux-gnu-ranlib
configure:5871: result: ranlib
configure:6001: checking command to parse nm output from gcc object
configure:6119: gcc -c -g -O2 -I/sources/builddir/gcc-build/./gmp -I/sources/builddir/gcc-build/../gcc-4.6.2/mpfr/src  conftest.c >&5
configure:6122: $? = 0
configure:6126: nm conftest.o \| sed -n -e 's/^.*[	 ]\([ABCDGIRSTW][ABCDGIRSTW]*\)[	 ][	 ]*\([_A-Za-z][_A-Za-z0-9]*\)$/\1 \2 \2/p' \> conftest.nm
configure:6129: $? = 0
configure:6183: gcc -o conftest -g -O2 -I/sources/builddir/gcc-build/./gmp -I/sources/builddir/gcc-build/../gcc-4.6.2/mpfr/src  -L/sources/builddir/gcc-build/./gmp/.libs -L/sources/builddir/gcc-build/mpfr/src/.libs   conftest.c conftstm.o >&5
configure:6186: $? = 0
configure:6224: result: ok
configure:7028: checking for ANSI C header files
configure:7048: gcc -c -g -O2 -I/sources/builddir/gcc-build/./gmp -I/sources/builddir/gcc-build/../gcc-4.6.2/mpfr/src  conftest.c >&5
configure:7048: $? = 0
/sources/builddir/gcc-4.6.2/mpc/configure: line 7062: -I/sources/builddir/gcc-build/./gmp: No such file or directory
configure:7132: result: no
configure:7145: checking for sys/types.h
configure:7145: gcc -c -g -O2 -I/sources/builddir/gcc-build/./gmp -I/sources/builddir/gcc-build/../gcc-4.6.2/mpfr/src  conftest.c >&5
configure:7145: $? = 0
configure:7145: result: yes
configure:7145: checking for sys/stat.h
configure:7145: gcc -c -g -O2 -I/sources/builddir/gcc-build/./gmp -I/sources/builddir/gcc-build/../gcc-4.6.2/mpfr/src  conftest.c >&5
configure:7145: $? = 0
configure:7145: result: yes
configure:7145: checking for stdlib.h
configure:7145: gcc -c -g -O2 -I/sources/builddir/gcc-build/./gmp -I/sources/builddir/gcc-build/../gcc-4.6.2/mpfr/src  conftest.c >&5
configure:7145: $? = 0
configure:7145: result: yes
configure:7145: checking for string.h
configure:7145: gcc -c -g -O2 -I/sources/builddir/gcc-build/./gmp -I/sources/builddir/gcc-build/../gcc-4.6.2/mpfr/src  conftest.c >&5
configure:7145: $? = 0
configure:7145: result: yes
configure:7145: checking for memory.h
configure:7145: gcc -c -g -O2 -I/sources/builddir/gcc-build/./gmp -I/sources/builddir/gcc-build/../gcc-4.6.2/mpfr/src  conftest.c >&5
configure:7145: $? = 0
configure:7145: result: yes
configure:7145: checking for strings.h
configure:7145: gcc -c -g -O2 -I/sources/builddir/gcc-build/./gmp -I/sources/builddir/gcc-build/../gcc-4.6.2/mpfr/src  conftest.c >&5
configure:7145: $? = 0
configure:7145: result: yes
configure:7145: checking for inttypes.h
configure:7145: gcc -c -g -O2 -I/sources/builddir/gcc-build/./gmp -I/sources/builddir/gcc-build/../gcc-4.6.2/mpfr/src  conftest.c >&5
configure:7145: $? = 0
configure:7145: result: yes
configure:7145: checking for stdint.h
configure:7145: gcc -c -g -O2 -I/sources/builddir/gcc-build/./gmp -I/sources/builddir/gcc-build/../gcc-4.6.2/mpfr/src  conftest.c >&5
configure:7145: $? = 0
configure:7145: result: yes
configure:7145: checking for unistd.h
configure:7145: gcc -c -g -O2 -I/sources/builddir/gcc-build/./gmp -I/sources/builddir/gcc-build/../gcc-4.6.2/mpfr/src  conftest.c >&5
configure:7145: $? = 0
configure:7145: result: yes
configure:7159: checking for dlfcn.h
configure:7159: gcc -c -g -O2 -I/sources/builddir/gcc-build/./gmp -I/sources/builddir/gcc-build/../gcc-4.6.2/mpfr/src  conftest.c >&5
configure:7159: $? = 0
configure:7159: result: yes
configure:7343: checking for objdir
configure:7358: result: .libs
configure:7654: checking if gcc supports -fno-rtti -fno-exceptions
configure:7672: gcc -c -g -O2 -I/sources/builddir/gcc-build/./gmp -I/sources/builddir/gcc-build/../gcc-4.6.2/mpfr/src  -fno-rtti -fno-exceptions conftest.c >&5
cc1: warning: command line option '-fno-rtti' is valid for C++/ObjC++ but not for C [enabled by default]
configure:7676: $? = 0
configure:7689: result: no
configure:7709: checking for gcc option to produce PIC
configure:7981: result: -fPIC -DPIC
configure:7993: checking if gcc PIC flag -fPIC -DPIC works
configure:8011: gcc -c -g -O2 -I/sources/builddir/gcc-build/./gmp -I/sources/builddir/gcc-build/../gcc-4.6.2/mpfr/src  -fPIC -DPIC -DPIC conftest.c >&5
configure:8015: $? = 0
configure:8028: result: yes
configure:8052: checking if gcc static flag -static works
configure:8080: result: yes
configure:8095: checking if gcc supports -c -o file.o
configure:8116: gcc -c -g -O2 -I/sources/builddir/gcc-build/./gmp -I/sources/builddir/gcc-build/../gcc-4.6.2/mpfr/src  -o out/conftest2.o conftest.c >&5
configure:8120: $? = 0
configure:8142: result: yes
configure:8150: checking if gcc supports -c -o file.o
configure:8197: result: yes
configure:8230: checking whether the gcc linker (ld) supports shared libraries
configure:9221: result: no
configure:9460: checking dynamic linker characteristics
configure:9893: gcc -o conftest -g -O2 -I/sources/builddir/gcc-build/./gmp -I/sources/builddir/gcc-build/../gcc-4.6.2/mpfr/src  -L/sources/builddir/gcc-build/./gmp/.libs -L/sources/builddir/gcc-build/mpfr/src/.libs    conftest.c  >&5
configure:9893: $? = 0
configure:10123: result: GNU/Linux ld.so
configure:10225: checking how to hardcode library paths into programs
configure:10250: result: unsupported
configure:10770: checking whether stripping libraries is possible
configure:10775: result: yes
configure:10810: checking if libtool supports shared libraries
configure:10812: result: no
configure:10815: checking whether to build shared libraries
configure:10836: result: no
configure:10839: checking whether to build static libraries
configure:10843: result: yes
configure:10880: checking for ANSI C header files
configure:10984: result: no
configure:10995: checking complex.h usability
configure:10995: gcc -c -g -O2 -I/sources/builddir/gcc-build/./gmp -I/sources/builddir/gcc-build/../gcc-4.6.2/mpfr/src  conftest.c >&5
configure:10995: $? = 0
configure:10995: result: yes
configure:10995: checking complex.h presence
configure:10995:  -I/sources/builddir/gcc-build/./gmp -I/sources/builddir/gcc-build/../gcc-4.6.2/mpfr/src  conftest.c
/sources/builddir/gcc-4.6.2/mpc/configure: line 1674: -I/sources/builddir/gcc-build/./gmp: No such file or directory
configure:10995: $? = 127
configure: failed program was:
| /* confdefs.h */
| #define PACKAGE_NAME "mpc"
| #define PACKAGE_TARNAME "mpc"
| #define PACKAGE_VERSION "0.9"
| #define PACKAGE_STRING "mpc 0.9"
| #define PACKAGE_BUGREPORT "mpc-discuss@lists.gforge.inria.fr"
| #define PACKAGE_URL ""
| #define PACKAGE "mpc"
| #define VERSION "0.9"
| #define HAVE_SYS_TYPES_H 1
| #define HAVE_SYS_STAT_H 1
| #define HAVE_STDLIB_H 1
| #define HAVE_STRING_H 1
| #define HAVE_MEMORY_H 1
| #define HAVE_STRINGS_H 1
| #define HAVE_INTTYPES_H 1
| #define HAVE_STDINT_H 1
| #define HAVE_UNISTD_H 1
| #define HAVE_DLFCN_H 1
| #define LT_OBJDIR ".libs/"
| /* end confdefs.h.  */
| #include <complex.h>
configure:10995: result: no
configure:10995: WARNING: complex.h: accepted by the compiler, rejected by the preprocessor!
configure:10995: WARNING: complex.h: proceeding with the compiler's result
configure:10995: checking for complex.h
configure:10995: result: yes
configure:10995: checking locale.h usability
configure:10995: gcc -c -g -O2 -I/sources/builddir/gcc-build/./gmp -I/sources/builddir/gcc-build/../gcc-4.6.2/mpfr/src  conftest.c >&5
configure:10995: $? = 0
configure:10995: result: yes
configure:10995: checking locale.h presence
configure:10995:  -I/sources/builddir/gcc-build/./gmp -I/sources/builddir/gcc-build/../gcc-4.6.2/mpfr/src  conftest.c
/sources/builddir/gcc-4.6.2/mpc/configure: line 1674: -I/sources/builddir/gcc-build/./gmp: No such file or directory
configure:10995: $? = 127
configure: failed program was:
| /* confdefs.h */
| #define PACKAGE_NAME "mpc"
| #define PACKAGE_TARNAME "mpc"
| #define PACKAGE_VERSION "0.9"
| #define PACKAGE_STRING "mpc 0.9"
| #define PACKAGE_BUGREPORT "mpc-discuss@lists.gforge.inria.fr"
| #define PACKAGE_URL ""
| #define PACKAGE "mpc"
| #define VERSION "0.9"
| #define HAVE_SYS_TYPES_H 1
| #define HAVE_SYS_STAT_H 1
| #define HAVE_STDLIB_H 1
| #define HAVE_STRING_H 1
| #define HAVE_MEMORY_H 1
| #define HAVE_STRINGS_H 1
| #define HAVE_INTTYPES_H 1
| #define HAVE_STDINT_H 1
| #define HAVE_UNISTD_H 1
| #define HAVE_DLFCN_H 1
| #define LT_OBJDIR ".libs/"
| #define HAVE_COMPLEX_H 1
| /* end confdefs.h.  */
| #include <locale.h>
configure:10995: result: no
configure:10995: WARNING: locale.h: accepted by the compiler, rejected by the preprocessor!
configure:10995: WARNING: locale.h: proceeding with the compiler's result
configure:10995: checking for locale.h
configure:10995: result: yes
configure:10995: checking for inttypes.h
configure:10995: result: yes
configure:10995: checking for stdint.h
configure:10995: result: yes
configure:10995: checking limits.h usability
configure:10995: gcc -c -g -O2 -I/sources/builddir/gcc-build/./gmp -I/sources/builddir/gcc-build/../gcc-4.6.2/mpfr/src  conftest.c >&5
configure:10995: $? = 0
configure:10995: result: yes
configure:10995: checking limits.h presence
configure:10995:  -I/sources/builddir/gcc-build/./gmp -I/sources/builddir/gcc-build/../gcc-4.6.2/mpfr/src  conftest.c
/sources/builddir/gcc-4.6.2/mpc/configure: line 1674: -I/sources/builddir/gcc-build/./gmp: No such file or directory
configure:10995: $? = 127
configure: failed program was:
| /* confdefs.h */
| #define PACKAGE_NAME "mpc"
| #define PACKAGE_TARNAME "mpc"
| #define PACKAGE_VERSION "0.9"
| #define PACKAGE_STRING "mpc 0.9"
| #define PACKAGE_BUGREPORT "mpc-discuss@lists.gforge.inria.fr"
| #define PACKAGE_URL ""
| #define PACKAGE "mpc"
| #define VERSION "0.9"
| #define HAVE_SYS_TYPES_H 1
| #define HAVE_SYS_STAT_H 1
| #define HAVE_STDLIB_H 1
| #define HAVE_STRING_H 1
| #define HAVE_MEMORY_H 1
| #define HAVE_STRINGS_H 1
| #define HAVE_INTTYPES_H 1
| #define HAVE_STDINT_H 1
| #define HAVE_UNISTD_H 1
| #define HAVE_DLFCN_H 1
| #define LT_OBJDIR ".libs/"
| #define HAVE_COMPLEX_H 1
| #define HAVE_LOCALE_H 1
| #define HAVE_INTTYPES_H 1
| #define HAVE_STDINT_H 1
| /* end confdefs.h.  */
| #include <limits.h>
configure:10995: result: no
configure:10995: WARNING: limits.h: accepted by the compiler, rejected by the preprocessor!
configure:10995: WARNING: limits.h: proceeding with the compiler's result
configure:10995: checking for limits.h
configure:10995: result: yes
configure:10995: checking for unistd.h
configure:10995: result: yes
configure:10995: checking sys/time.h usability
configure:10995: gcc -c -g -O2 -I/sources/builddir/gcc-build/./gmp -I/sources/builddir/gcc-build/../gcc-4.6.2/mpfr/src  conftest.c >&5
configure:10995: $? = 0
configure:10995: result: yes
configure:10995: checking sys/time.h presence
configure:10995:  -I/sources/builddir/gcc-build/./gmp -I/sources/builddir/gcc-build/../gcc-4.6.2/mpfr/src  conftest.c
/sources/builddir/gcc-4.6.2/mpc/configure: line 1674: -I/sources/builddir/gcc-build/./gmp: No such file or directory
configure:10995: $? = 127
configure: failed program was:
| /* confdefs.h */
| #define PACKAGE_NAME "mpc"
| #define PACKAGE_TARNAME "mpc"
| #define PACKAGE_VERSION "0.9"
| #define PACKAGE_STRING "mpc 0.9"
| #define PACKAGE_BUGREPORT "mpc-discuss@lists.gforge.inria.fr"
| #define PACKAGE_URL ""
| #define PACKAGE "mpc"
| #define VERSION "0.9"
| #define HAVE_SYS_TYPES_H 1
| #define HAVE_SYS_STAT_H 1
| #define HAVE_STDLIB_H 1
| #define HAVE_STRING_H 1
| #define HAVE_MEMORY_H 1
| #define HAVE_STRINGS_H 1
| #define HAVE_INTTYPES_H 1
| #define HAVE_STDINT_H 1
| #define HAVE_UNISTD_H 1
| #define HAVE_DLFCN_H 1
| #define LT_OBJDIR ".libs/"
| #define HAVE_COMPLEX_H 1
| #define HAVE_LOCALE_H 1
| #define HAVE_INTTYPES_H 1
| #define HAVE_STDINT_H 1
| #define HAVE_LIMITS_H 1
| #define HAVE_UNISTD_H 1
| /* end confdefs.h.  */
| #include <sys/time.h>
configure:10995: result: no
configure:10995: WARNING: sys/time.h: accepted by the compiler, rejected by the preprocessor!
configure:10995: WARNING: sys/time.h: proceeding with the compiler's result
configure:10995: checking for sys/time.h
configure:10995: result: yes
configure:11007: checking for an ANSI C-conforming const
configure:11072: gcc -c -g -O2 -I/sources/builddir/gcc-build/./gmp -I/sources/builddir/gcc-build/../gcc-4.6.2/mpfr/src  conftest.c >&5
configure:11072: $? = 0
configure:11079: result: yes
configure:11087: checking for size_t
configure:11087: gcc -c -g -O2 -I/sources/builddir/gcc-build/./gmp -I/sources/builddir/gcc-build/../gcc-4.6.2/mpfr/src  conftest.c >&5
configure:11087: $? = 0
configure:11087: gcc -c -g -O2 -I/sources/builddir/gcc-build/./gmp -I/sources/builddir/gcc-build/../gcc-4.6.2/mpfr/src  conftest.c >&5
conftest.c: In function 'main':
conftest.c:65:21: error: expected expression before ')' token
configure:11087: $? = 1
configure: failed program was:
| /* confdefs.h */
| #define PACKAGE_NAME "mpc"
| #define PACKAGE_TARNAME "mpc"
| #define PACKAGE_VERSION "0.9"
| #define PACKAGE_STRING "mpc 0.9"
| #define PACKAGE_BUGREPORT "mpc-discuss@lists.gforge.inria.fr"
| #define PACKAGE_URL ""
| #define PACKAGE "mpc"
| #define VERSION "0.9"
| #define HAVE_SYS_TYPES_H 1
| #define HAVE_SYS_STAT_H 1
| #define HAVE_STDLIB_H 1
| #define HAVE_STRING_H 1
| #define HAVE_MEMORY_H 1
| #define HAVE_STRINGS_H 1
| #define HAVE_INTTYPES_H 1
| #define HAVE_STDINT_H 1
| #define HAVE_UNISTD_H 1
| #define HAVE_DLFCN_H 1
| #define LT_OBJDIR ".libs/"
| #define HAVE_COMPLEX_H 1
| #define HAVE_LOCALE_H 1
| #define HAVE_INTTYPES_H 1
| #define HAVE_STDINT_H 1
| #define HAVE_LIMITS_H 1
| #define HAVE_UNISTD_H 1
| #define HAVE_SYS_TIME_H 1
| /* end confdefs.h.  */
| #include <stdio.h>
| #ifdef HAVE_SYS_TYPES_H
| # include <sys/types.h>
| #endif
| #ifdef HAVE_SYS_STAT_H
| # include <sys/stat.h>
| #endif
| #ifdef STDC_HEADERS
| # include <stdlib.h>
| # include <stddef.h>
| #else
| # ifdef HAVE_STDLIB_H
| #  include <stdlib.h>
| # endif
| #endif
| #ifdef HAVE_STRING_H
| # if !defined STDC_HEADERS && defined HAVE_MEMORY_H
| #  include <memory.h>
| # endif
| # include <string.h>
| #endif
| #ifdef HAVE_STRINGS_H
| # include <strings.h>
| #endif
| #ifdef HAVE_INTTYPES_H
| # include <inttypes.h>
| #endif
| #ifdef HAVE_STDINT_H
| # include <stdint.h>
| #endif
| #ifdef HAVE_UNISTD_H
| # include <unistd.h>
| #endif
| int
| main ()
| {
| if (sizeof ((size_t)))
| 	    return 0;
|   ;
|   return 0;
| }
configure:11087: result: yes
configure:11098: checking whether time.h and sys/time.h may both be included
configure:11118: gcc -c -g -O2 -I/sources/builddir/gcc-build/./gmp -I/sources/builddir/gcc-build/../gcc-4.6.2/mpfr/src  conftest.c >&5
configure:11118: $? = 0
configure:11125: result: yes
configure:11135: checking for creal in -lm
configure:11160: gcc -o conftest -g -O2 -I/sources/builddir/gcc-build/./gmp -I/sources/builddir/gcc-build/../gcc-4.6.2/mpfr/src  -L/sources/builddir/gcc-build/./gmp/.libs -L/sources/builddir/gcc-build/mpfr/src/.libs   conftest.c -lm   >&5
conftest.c:37:6: warning: conflicting types for built-in function 'creal' [enabled by default]
configure:11160: $? = 0
configure:11169: result: yes
configure:11181: checking for __gmpz_init in -lgmp
configure:11206: gcc -o conftest -g -O2 -I/sources/builddir/gcc-build/./gmp -I/sources/builddir/gcc-build/../gcc-4.6.2/mpfr/src  -L/sources/builddir/gcc-build/./gmp/.libs -L/sources/builddir/gcc-build/mpfr/src/.libs   conftest.c -lgmp  -lm  >&5
configure:11206: $? = 0
configure:11215: result: yes
configure:11223: checking for MPFR
configure:11238: gcc -o conftest -g -O2 -I/sources/builddir/gcc-build/./gmp -I/sources/builddir/gcc-build/../gcc-4.6.2/mpfr/src  -L/sources/builddir/gcc-build/./gmp/.libs -L/sources/builddir/gcc-build/mpfr/src/.libs   conftest.c -lmpfr -lgmp -lm  >&5
configure:11238: $? = 0
configure:11239: result: yes
configure:11252: checking for recent GMP
configure:11264: gcc -c -g -O2 -I/sources/builddir/gcc-build/./gmp -I/sources/builddir/gcc-build/../gcc-4.6.2/mpfr/src  conftest.c >&5
configure:11264: $? = 0
configure:11265: result: yes
configure:11278: checking for recent MPFR
configure:11290: gcc -c -g -O2 -I/sources/builddir/gcc-build/./gmp -I/sources/builddir/gcc-build/../gcc-4.6.2/mpfr/src  conftest.c >&5
configure:11290: $? = 0
configure:11291: result: yes
configure:12341: checking for gettimeofday
configure:12341: gcc -o conftest -g -O2  -I/sources/builddir/gcc-build/./gmp -I/sources/builddir/gcc-build/../gcc-4.6.2/mpfr/src  -L/sources/builddir/gcc-build/./gmp/.libs -L/sources/builddir/gcc-build/mpfr/src/.libs   conftest.c -lmpfr -lgmp -lm  >&5
configure:12341: $? = 0
configure:12341: result: yes
configure:12341: checking for localeconv
configure:12341: gcc -o conftest -g -O2  -I/sources/builddir/gcc-build/./gmp -I/sources/builddir/gcc-build/../gcc-4.6.2/mpfr/src  -L/sources/builddir/gcc-build/./gmp/.libs -L/sources/builddir/gcc-build/mpfr/src/.libs   conftest.c -lmpfr -lgmp -lm  >&5
configure:12341: $? = 0
configure:12341: result: yes
configure:12341: checking for setlocale
configure:12341: gcc -o conftest -g -O2  -I/sources/builddir/gcc-build/./gmp -I/sources/builddir/gcc-build/../gcc-4.6.2/mpfr/src  -L/sources/builddir/gcc-build/./gmp/.libs -L/sources/builddir/gcc-build/mpfr/src/.libs   conftest.c -lmpfr -lgmp -lm  >&5
configure:12341: $? = 0
configure:12341: result: yes
configure:12353: checking for dup
configure:12353: gcc -o conftest -g -O2  -I/sources/builddir/gcc-build/./gmp -I/sources/builddir/gcc-build/../gcc-4.6.2/mpfr/src  -L/sources/builddir/gcc-build/./gmp/.libs -L/sources/builddir/gcc-build/mpfr/src/.libs   conftest.c -lmpfr -lgmp -lm  >&5
configure:12353: $? = 0
configure:12353: result: yes
configure:12353: checking for dup2
configure:12353: gcc -o conftest -g -O2  -I/sources/builddir/gcc-build/./gmp -I/sources/builddir/gcc-build/../gcc-4.6.2/mpfr/src  -L/sources/builddir/gcc-build/./gmp/.libs -L/sources/builddir/gcc-build/mpfr/src/.libs   conftest.c -lmpfr -lgmp -lm  >&5
configure:12353: $? = 0
configure:12353: result: yes
configure:12353: checking for fileno
configure:12353: gcc -o conftest -g -O2  -I/sources/builddir/gcc-build/./gmp -I/sources/builddir/gcc-build/../gcc-4.6.2/mpfr/src  -L/sources/builddir/gcc-build/./gmp/.libs -L/sources/builddir/gcc-build/mpfr/src/.libs   conftest.c -lmpfr -lgmp -lm  >&5
configure:12353: $? = 0
configure:12353: result: yes
configure:12435: updating cache ./config.cache
configure:12493: creating ./config.status

## ---------------------- ##
## Running config.status. ##
## ---------------------- ##

This file was extended by mpc config.status 0.9, which was
generated by GNU Autoconf 2.67.  Invocation command line was

  CONFIG_FILES    = 
  CONFIG_HEADERS  = 
  CONFIG_LINKS    = 
  CONFIG_COMMANDS = 
  $ ./config.status 

on localhost

config.status:1087: creating Makefile
config.status:1087: creating src/Makefile
config.status:1087: creating tests/Makefile
config.status:1087: creating doc/Makefile
config.status:1087: creating config.h
config.status:1300: executing depfiles commands
config.status:1300: executing libtool commands

## ---------------- ##
## Cache variables. ##
## ---------------- ##

ac_cv_build=i686-pc-linux-gnu
ac_cv_c_compiler_gnu=yes
ac_cv_c_const=yes
ac_cv_env_CC_set=set
ac_cv_env_CC_value=gcc
ac_cv_env_CFLAGS_set=set
ac_cv_env_CFLAGS_value='-g -O2'
ac_cv_env_CPPFLAGS_set=
ac_cv_env_CPPFLAGS_value=
ac_cv_env_CPP_set=
ac_cv_env_CPP_value=
ac_cv_env_LDFLAGS_set=set
ac_cv_env_LDFLAGS_value=' '
ac_cv_env_LIBS_set=
ac_cv_env_LIBS_value=
ac_cv_env_build_alias_set=set
ac_cv_env_build_alias_value=i686-pc-linux-gnu
ac_cv_env_host_alias_set=set
ac_cv_env_host_alias_value=i686-pc-linux-gnu
ac_cv_env_target_alias_set=set
ac_cv_env_target_alias_value=i686-lfs-linux-gnu
ac_cv_func_dup2=yes
ac_cv_func_dup=yes
ac_cv_func_fileno=yes
ac_cv_func_gettimeofday=yes
ac_cv_func_localeconv=yes
ac_cv_func_setlocale=yes
ac_cv_header_complex_h=yes
ac_cv_header_dlfcn_h=yes
ac_cv_header_inttypes_h=yes
ac_cv_header_limits_h=yes
ac_cv_header_locale_h=yes
ac_cv_header_memory_h=yes
ac_cv_header_stdc=no
ac_cv_header_stdint_h=yes
ac_cv_header_stdlib_h=yes
ac_cv_header_string_h=yes
ac_cv_header_strings_h=yes
ac_cv_header_sys_stat_h=yes
ac_cv_header_sys_time_h=yes
ac_cv_header_sys_types_h=yes
ac_cv_header_time=yes
ac_cv_header_unistd_h=yes
ac_cv_host=i686-pc-linux-gnu
ac_cv_lib_gmp___gmpz_init=yes
ac_cv_lib_m_creal=yes
ac_cv_objext=o
ac_cv_path_FGREP=/bin/fgrep
ac_cv_path_SED=/bin/sed
ac_cv_path_mkdir=/bin/mkdir
ac_cv_prog_AR=ar
ac_cv_prog_AWK=gawk
ac_cv_prog_CC=gcc
ac_cv_prog_OBJDUMP=objdump
ac_cv_prog_RANLIB=ranlib
ac_cv_prog_ac_ct_STRIP=strip
ac_cv_prog_cc_c89=
ac_cv_prog_cc_g=yes
ac_cv_prog_make_make_set=yes
ac_cv_type_size_t=yes
am_cv_CC_dependencies_compiler_type=gcc3
lt_cv_deplibs_check_method=pass_all
lt_cv_file_magic_cmd='$MAGIC_CMD'
lt_cv_file_magic_test_file=
lt_cv_ld_reload_flag=-r
lt_cv_nm_interface='BSD nm'
lt_cv_objdir=.libs
lt_cv_path_LD=ld
lt_cv_path_NM=nm
lt_cv_prog_compiler_c_o=yes
lt_cv_prog_compiler_pic_works=yes
lt_cv_prog_compiler_rtti_exceptions=no
lt_cv_prog_compiler_static_works=yes
lt_cv_prog_gnu_ld=yes
lt_cv_sys_global_symbol_pipe='sed -n -e '\''s/^.*[	 ]\([ABCDGIRSTW][ABCDGIRSTW]*\)[	 ][	 ]*\([_A-Za-z][_A-Za-z0-9]*\)$/\1 \2 \2/p'\'''
lt_cv_sys_global_symbol_to_c_name_address='sed -n -e '\''s/^: \([^ ]*\) $/  {\"\1\", (void *) 0},/p'\'' -e '\''s/^[ABCDGIRSTW]* \([^ ]*\) \([^ ]*\)$/  {"\2", (void *) \&\2},/p'\'''
lt_cv_sys_global_symbol_to_c_name_address_lib_prefix='sed -n -e '\''s/^: \([^ ]*\) $/  {\"\1\", (void *) 0},/p'\'' -e '\''s/^[ABCDGIRSTW]* \([^ ]*\) \(lib[^ ]*\)$/  {"\2", (void *) \&\2},/p'\'' -e '\''s/^[ABCDGIRSTW]* \([^ ]*\) \([^ ]*\)$/  {"lib\2", (void *) \&\2},/p'\'''
lt_cv_sys_global_symbol_to_cdecl='sed -n -e '\''s/^T .* \(.*\)$/extern int \1();/p'\'' -e '\''s/^[ABCDGIRSTW]* .* \(.*\)$/extern char \1;/p'\'''
lt_cv_sys_max_cmd_len=1572864

## ----------------- ##
## Output variables. ##
## ----------------- ##

ACLOCAL='${SHELL} /sources/builddir/gcc-4.6.2/mpc/missing --run aclocal-1.11'
AMDEPBACKSLASH='\'
AMDEP_FALSE='#'
AMDEP_TRUE=''
AMTAR='${SHELL} /sources/builddir/gcc-4.6.2/mpc/missing --run tar'
AR='ar'
AUTOCONF='${SHELL} /sources/builddir/gcc-4.6.2/mpc/missing --run autoconf'
AUTOHEADER='${SHELL} /sources/builddir/gcc-4.6.2/mpc/missing --run autoheader'
AUTOMAKE='${SHELL} /sources/builddir/gcc-4.6.2/mpc/missing --run automake-1.11'
AWK='gawk'
CC='gcc'
CCDEPMODE='depmode=gcc3'
CFLAGS='-g -O2'
CPP=''
CPPFLAGS='-I/sources/builddir/gcc-build/./gmp -I/sources/builddir/gcc-build/../gcc-4.6.2/mpfr/src '
CYGPATH_W='echo'
DEFS='-DHAVE_CONFIG_H'
DEPDIR='.deps'
DSYMUTIL=''
DUMPBIN=''
ECHO_C=''
ECHO_N='-n'
ECHO_T=''
EGREP=''
EXEEXT=''
FGREP='/bin/fgrep'
GREP='grep'
INSTALL_DATA='/usr/bin/install -c -m 644'
INSTALL_PROGRAM='/usr/bin/install -c'
INSTALL_SCRIPT='/usr/bin/install -c'
INSTALL_STRIP_PROGRAM='$(install_sh) -c -s'
LD='ld'
LDFLAGS='-L/sources/builddir/gcc-build/./gmp/.libs -L/sources/builddir/gcc-build/mpfr/src/.libs  '
LIBOBJS=''
LIBS='-lmpfr -lgmp -lm '
LIBTOOL='$(SHELL) $(top_builddir)/libtool'
LIPO=''
LN_S='ln -s'
LTLIBOBJS=''
MAINT='#'
MAINTAINER_MODE_FALSE=''
MAINTAINER_MODE_TRUE='#'
MAKEINFO='makeinfo --split-size=5000000'
MKDIR_P='/bin/mkdir -p'
MPC_LOG_H=''
NM='nm'
NMEDIT=''
OBJDUMP='objdump'
OBJEXT='o'
OTOOL64=''
OTOOL=''
PACKAGE='mpc'
PACKAGE_BUGREPORT='mpc-discuss@lists.gforge.inria.fr'
PACKAGE_NAME='mpc'
PACKAGE_STRING='mpc 0.9'
PACKAGE_TARNAME='mpc'
PACKAGE_URL=''
PACKAGE_VERSION='0.9'
PATH_SEPARATOR=':'
RANLIB='ranlib'
SED='/bin/sed'
SET_MAKE=''
SHELL='/bin/sh'
STRIP='strip'
VERSION='0.9'
WARNINGCFLAGS=''
ac_ct_CC=''
ac_ct_DUMPBIN=''
am__EXEEXT_FALSE=''
am__EXEEXT_TRUE='#'
am__fastdepCC_FALSE='#'
am__fastdepCC_TRUE=''
am__include='include'
am__isrc=' -I$(srcdir)'
am__leading_dot='.'
am__quote=''
am__tar='${AMTAR} chof - "$$tardir"'
am__untar='${AMTAR} xf -'
bindir='${exec_prefix}/bin'
build='i686-pc-linux-gnu'
build_alias='i686-pc-linux-gnu'
build_cpu='i686'
build_os='linux-gnu'
build_vendor='pc'
datadir='${datarootdir}'
datarootdir='${prefix}/share'
docdir='${datarootdir}/doc/${PACKAGE_TARNAME}'
dvidir='${docdir}'
exec_prefix='${prefix}'
host='i686-pc-linux-gnu'
host_alias='i686-pc-linux-gnu'
host_cpu='i686'
host_os='linux-gnu'
host_vendor='pc'
htmldir='${docdir}'
includedir='${prefix}/include'
infodir='${datarootdir}/info'
install_sh='${SHELL} /sources/builddir/gcc-4.6.2/mpc/install-sh'
libdir='${exec_prefix}/lib'
libexecdir='${exec_prefix}/libexec'
localedir='${datarootdir}/locale'
localstatedir='${prefix}/var'
lt_ECHO='echo'
mandir='${datarootdir}/man'
mkdir_p='/bin/mkdir -p'
oldincludedir='/usr/include'
pdfdir='${docdir}'
prefix='/tools'
program_transform_name='s&^&i686-lfs-linux-gnu-&'
psdir='${docdir}'
sbindir='${exec_prefix}/sbin'
sharedstatedir='${prefix}/com'
sysconfdir='${prefix}/etc'
target_alias='i686-lfs-linux-gnu'

## ----------- ##
## confdefs.h. ##
## ----------- ##

/* confdefs.h */
#define PACKAGE_NAME "mpc"
#define PACKAGE_TARNAME "mpc"
#define PACKAGE_VERSION "0.9"
#define PACKAGE_STRING "mpc 0.9"
#define PACKAGE_BUGREPORT "mpc-discuss@lists.gforge.inria.fr"
#define PACKAGE_URL ""
#define PACKAGE "mpc"
#define VERSION "0.9"
#define HAVE_SYS_TYPES_H 1
#define HAVE_SYS_STAT_H 1
#define HAVE_STDLIB_H 1
#define HAVE_STRING_H 1
#define HAVE_MEMORY_H 1
#define HAVE_STRINGS_H 1
#define HAVE_INTTYPES_H 1
#define HAVE_STDINT_H 1
#define HAVE_UNISTD_H 1
#define HAVE_DLFCN_H 1
#define LT_OBJDIR ".libs/"
#define HAVE_COMPLEX_H 1
#define HAVE_LOCALE_H 1
#define HAVE_INTTYPES_H 1
#define HAVE_STDINT_H 1
#define HAVE_LIMITS_H 1
#define HAVE_UNISTD_H 1
#define HAVE_SYS_TIME_H 1
#define TIME_WITH_SYS_TIME 1
#define HAVE_LIBM 1
#define HAVE_GETTIMEOFDAY 1
#define HAVE_LOCALECONV 1
#define HAVE_SETLOCALE 1
#define HAVE_DUP 1
#define HAVE_DUP2 1
#define HAVE_FILENO 1

configure: exit 0
