Postinstallation of /sources/buildmgr/packages/lfs-9742/glibc.txz...
removed `/etc/localtime'
`/usr/share/zoneinfo/America/Denver' -> `/etc/localtime'
Postinstallation of /sources/buildmgr/packages/lfs-9742/groff.txz...
Postinstallation of /sources/buildmgr/packages/lfs-9742/shadow.txz...
Postinstallation of /sources/buildmgr/postinst/bootscripts.txz.sh...
run_command: calling: test
adm_test: version 181
builtin_kmod_init: load module index
index_mm_open: open(/lib/modules/3.1.0-lfscript4r16/modules.dep.bin, O_RDONLY|O_CLOEXEC): No such file or directory
add_matching_files: unable to open '/run/udev/rules.d': No such file or directory
parse_file: reading '/lib/udev/rules.d/42-qemu-usb.rules' as rules file
parse_file: reading '/lib/udev/rules.d/50-udev-default.rules' as rules file
parse_file: reading '/etc/udev/rules.d/55-lfs.rules' as rules file
parse_file: reading '/lib/udev/rules.d/60-cdrom_id.rules' as rules file
parse_file: reading '/lib/udev/rules.d/60-persistent-alsa.rules' as rules file
parse_file: reading '/lib/udev/rules.d/60-persistent-input.rules' as rules file
parse_file: reading '/lib/udev/rules.d/60-persistent-serial.rules' as rules file
parse_file: reading '/lib/udev/rules.d/60-persistent-storage-tape.rules' as rules file
parse_file: reading '/lib/udev/rules.d/60-persistent-storage.rules' as rules file
parse_file: reading '/lib/udev/rules.d/60-persistent-v4l.rules' as rules file
parse_file: reading '/lib/udev/rules.d/61-accelerometer.rules' as rules file
parse_file: reading '/lib/udev/rules.d/75-cd-aliases-generator.rules' as rules file
parse_file: reading '/lib/udev/rules.d/75-net-description.rules' as rules file
parse_file: reading '/lib/udev/rules.d/75-persistent-net-generator.rules' as rules file
parse_file: reading '/lib/udev/rules.d/75-probe_mtd.rules' as rules file
parse_file: reading '/lib/udev/rules.d/75-tty-description.rules' as rules file
parse_file: reading '/lib/udev/rules.d/78-sound-card.rules' as rules file
parse_file: reading '/lib/udev/rules.d/80-drivers.rules' as rules file
parse_file: reading '/lib/udev/rules.d/95-udev-late.rules' as rules file
udev_rules_new: rules use 12888 bytes tokens (1074 * 12 bytes), 7639 bytes buffer
udev_rules_new: temporary index used 8100 bytes (405 * 20 bytes)
udev_device_new_from_syspath: device 0x89fb4f0 has devpath '/devices/virtual/net/lo'
udev_device_new_from_syspath: device 0x89fb668 has devpath '/devices/virtual/net/lo'
udev_device_read_db: no db file to read /run/udev/data/n1: No such file or directory
udev_device_update_db: created empty file '/run/udev/data/n1' for '/devices/virtual/net/lo'
builtin_kmod_exit: unload module index
This program is for debugging only, it does not run any program,
specified by a RUN key. It may show incorrect results, because
some values may be different, or not available at a simulation run.

ACTION=add
DEVPATH=/devices/virtual/net/lo
IFINDEX=1
INTERFACE=lo
SUBSYSTEM=net
UDEV_LOG=6
USEC_INITIALIZED=6187207306
run_command: calling: test
adm_test: version 181
builtin_kmod_init: load module index
index_mm_open: open(/lib/modules/3.1.0-lfscript4r16/modules.dep.bin, O_RDONLY|O_CLOEXEC): No such file or directory
add_matching_files: unable to open '/run/udev/rules.d': No such file or directory
parse_file: reading '/lib/udev/rules.d/42-qemu-usb.rules' as rules file
parse_file: reading '/lib/udev/rules.d/50-udev-default.rules' as rules file
parse_file: reading '/etc/udev/rules.d/55-lfs.rules' as rules file
parse_file: reading '/lib/udev/rules.d/60-cdrom_id.rules' as rules file
parse_file: reading '/lib/udev/rules.d/60-persistent-alsa.rules' as rules file
parse_file: reading '/lib/udev/rules.d/60-persistent-input.rules' as rules file
parse_file: reading '/lib/udev/rules.d/60-persistent-serial.rules' as rules file
parse_file: reading '/lib/udev/rules.d/60-persistent-storage-tape.rules' as rules file
parse_file: reading '/lib/udev/rules.d/60-persistent-storage.rules' as rules file
parse_file: reading '/lib/udev/rules.d/60-persistent-v4l.rules' as rules file
parse_file: reading '/lib/udev/rules.d/61-accelerometer.rules' as rules file
parse_file: reading '/lib/udev/rules.d/75-cd-aliases-generator.rules' as rules file
parse_file: reading '/lib/udev/rules.d/75-net-description.rules' as rules file
parse_file: reading '/lib/udev/rules.d/75-persistent-net-generator.rules' as rules file
parse_file: reading '/lib/udev/rules.d/75-probe_mtd.rules' as rules file
parse_file: reading '/lib/udev/rules.d/75-tty-description.rules' as rules file
parse_file: reading '/lib/udev/rules.d/78-sound-card.rules' as rules file
parse_file: reading '/lib/udev/rules.d/80-drivers.rules' as rules file
parse_file: reading '/lib/udev/rules.d/95-udev-late.rules' as rules file
udev_rules_new: rules use 12888 bytes tokens (1074 * 12 bytes), 7639 bytes buffer
udev_rules_new: temporary index used 8100 bytes (405 * 20 bytes)
udev_device_new_from_syspath: device 0x94914f0 has devpath '/devices/virtual/net/sit0'
udev_device_new_from_syspath: device 0x9491668 has devpath '/devices/virtual/net/sit0'
udev_device_read_db: no db file to read /run/udev/data/n2: No such file or directory
udev_device_update_db: created empty file '/run/udev/data/n2' for '/devices/virtual/net/sit0'
builtin_kmod_exit: unload module index
This program is for debugging only, it does not run any program,
specified by a RUN key. It may show incorrect results, because
some values may be different, or not available at a simulation run.

ACTION=add
DEVPATH=/devices/virtual/net/sit0
IFINDEX=2
INTERFACE=sit0
SUBSYSTEM=net
UDEV_LOG=6
USEC_INITIALIZED=6187211516
Postinstallation of /sources/buildmgr/postinst/texinfo.txz.sh...
/usr/share/info /sources
/sources
Postinstallation of /sources/buildmgr/postinst/x7app.txz.sh...
/usr/share/fonts/X11 /sources
/usr/share/fonts/X11/100dpi /usr/share/fonts/X11 /sources
/usr/share/fonts/X11 /sources
/usr/share/fonts/X11/75dpi /usr/share/fonts/X11 /sources
/usr/share/fonts/X11 /sources
/usr/share/fonts/X11/cyrillic /usr/share/fonts/X11 /sources
/usr/share/fonts/X11 /sources
/usr/share/fonts/X11/encodings /usr/share/fonts/X11 /sources
/usr/share/fonts/X11 /sources
/usr/share/fonts/X11/misc /usr/share/fonts/X11 /sources
/usr/share/fonts/X11 /sources
/usr/share/fonts/X11/OTF /usr/share/fonts/X11 /sources
/usr/share/fonts/X11 /sources
/usr/share/fonts/X11/TTF /usr/share/fonts/X11 /sources
/usr/share/fonts/X11 /sources
/usr/share/fonts/X11/Type1 /usr/share/fonts/X11 /sources
/usr/share/fonts/X11 /sources
/usr/share/fonts/X11/util /usr/share/fonts/X11 /sources
/usr/share/fonts/X11 /sources
/sources
