This file contains any messages produced by compilers while
running configure, to aid debugging if configure makes a mistake.

It was created by configure, which was
generated by GNU Autoconf 2.64.  Invocation command line was

  $ ../gcc-4.6.2/configure --target=i686-lfs-linux-gnu --prefix=/tools --disable-nls --disable-shared --disable-multilib --disable-decimal-float --disable-threads --disable-libmudflap --disable-libssp --disable-libgomp --disable-libquadmath --disable-target-libiberty --disable-target-zlib --enable-languages=c --without-ppl --without-cloog --with-mpfr-include=/sources/builddir/gcc-build/../gcc-4.6.2/mpfr/src --with-mpfr-lib=/sources/builddir/gcc-build/mpfr/src/.libs

## --------- ##
## Platform. ##
## --------- ##

hostname = localhost
uname -m = i686
uname -r = 3.1.0-lfscript4r16
uname -s = Linux
uname -v = #1 SMP Mon Dec 5 18:32:20 UTC 2011

/usr/bin/uname -p = unknown
/bin/uname -X     = unknown

/bin/arch              = i686
/usr/bin/arch -k       = unknown
/usr/convex/getsysinfo = unknown
/usr/bin/hostinfo      = unknown
/bin/machine           = unknown
/usr/bin/oslevel       = unknown
/bin/universe          = unknown

PATH: /tools/bin
PATH: /bin
PATH: /usr/bin


## ----------- ##
## Core tests. ##
## ----------- ##

configure:2222: checking build system type
configure:2236: result: i686-pc-linux-gnu
configure:2283: checking host system type
configure:2296: result: i686-pc-linux-gnu
configure:2316: checking target system type
configure:2329: result: i686-lfs-linux-gnu
configure:2383: checking for a BSD-compatible install
configure:2451: result: /usr/bin/install -c
configure:2462: checking whether ln works
configure:2484: result: yes
configure:2488: checking whether ln -s works
configure:2492: result: yes
configure:2499: checking for a sed that does not truncate output
configure:2563: result: /bin/sed
configure:2572: checking for gawk
configure:2588: found /usr/bin/gawk
configure:2599: result: gawk
configure:3923: checking for gcc
configure:3939: found /usr/bin/gcc
configure:3950: result: gcc
configure:4179: checking for C compiler version
configure:4188: gcc --version >&5
gcc (GCC) 4.6.2
Copyright (C) 2011 Free Software Foundation, Inc.
This is free software; see the source for copying conditions.  There is NO
warranty; not even for MERCHANTABILITY or FITNESS FOR A PARTICULAR PURPOSE.

configure:4199: $? = 0
configure:4188: gcc -v >&5
Using built-in specs.
COLLECT_GCC=gcc
COLLECT_LTO_WRAPPER=/usr/lib/gcc/i486-pc-linux-gnu/4.6.2/lto-wrapper
Target: i486-pc-linux-gnu
Configured with: ../gcc-4.6.2/configure --prefix=/usr --libexecdir=/usr/lib --enable-shared --enable-threads=posix --enable-__cxa_atexit --enable-clocale=gnu --enable-languages=c,c++ --disable-multilib --disable-bootstrap --with-system-zlib
Thread model: posix
gcc version 4.6.2 (GCC) 
configure:4199: $? = 0
configure:4188: gcc -V >&5
gcc: error: unrecognized option '-V'
gcc: fatal error: no input files
compilation terminated.
configure:4199: $? = 1
configure:4188: gcc -qversion >&5
gcc: error: unrecognized option '-qversion'
gcc: fatal error: no input files
compilation terminated.
configure:4199: $? = 1
configure:4219: checking for C compiler default output file name
configure:4241: gcc    conftest.c  >&5
configure:4245: $? = 0
configure:4282: result: a.out
configure:4298: checking whether the C compiler works
configure:4307: ./a.out
configure:4311: $? = 0
configure:4326: result: yes
configure:4333: checking whether we are cross compiling
configure:4335: result: no
configure:4338: checking for suffix of executables
configure:4345: gcc -o conftest    conftest.c  >&5
configure:4349: $? = 0
configure:4371: result: 
configure:4377: checking for suffix of object files
configure:4399: gcc -c   conftest.c >&5
configure:4403: $? = 0
configure:4424: result: o
configure:4428: checking whether we are using the GNU C compiler
configure:4447: gcc -c   conftest.c >&5
configure:4447: $? = 0
configure:4456: result: yes
configure:4465: checking whether gcc accepts -g
configure:4485: gcc -c -g  conftest.c >&5
configure:4485: $? = 0
configure:4526: result: yes
configure:4543: checking for gcc option to accept ISO C89
configure:4607: gcc  -c -g -O2  conftest.c >&5
configure:4607: $? = 0
configure:4620: result: none needed
configure:4698: checking for g++
configure:4714: found /usr/bin/g++
configure:4725: result: g++
configure:4752: checking for C++ compiler version
configure:4761: g++ --version >&5
g++ (GCC) 4.6.2
Copyright (C) 2011 Free Software Foundation, Inc.
This is free software; see the source for copying conditions.  There is NO
warranty; not even for MERCHANTABILITY or FITNESS FOR A PARTICULAR PURPOSE.

configure:4772: $? = 0
configure:4761: g++ -v >&5
Using built-in specs.
COLLECT_GCC=g++
COLLECT_LTO_WRAPPER=/usr/lib/gcc/i486-pc-linux-gnu/4.6.2/lto-wrapper
Target: i486-pc-linux-gnu
Configured with: ../gcc-4.6.2/configure --prefix=/usr --libexecdir=/usr/lib --enable-shared --enable-threads=posix --enable-__cxa_atexit --enable-clocale=gnu --enable-languages=c,c++ --disable-multilib --disable-bootstrap --with-system-zlib
Thread model: posix
gcc version 4.6.2 (GCC) 
configure:4772: $? = 0
configure:4761: g++ -V >&5
g++: error: unrecognized option '-V'
g++: fatal error: no input files
compilation terminated.
configure:4772: $? = 1
configure:4761: g++ -qversion >&5
g++: error: unrecognized option '-qversion'
g++: fatal error: no input files
compilation terminated.
configure:4772: $? = 1
configure:4776: checking whether we are using the GNU C++ compiler
configure:4795: g++ -c   conftest.cpp >&5
configure:4795: $? = 0
configure:4804: result: yes
configure:4813: checking whether g++ accepts -g
configure:4833: g++ -c -g  conftest.cpp >&5
configure:4833: $? = 0
configure:4874: result: yes
configure:4963: checking for gnatbind
configure:4993: result: no
configure:5055: checking for gnatmake
configure:5085: result: no
configure:5104: checking whether compiler driver understands Ada
configure:5127: result: no
configure:5136: checking how to compare bootstrapped objects
configure:5161: result: cmp --ignore-initial=16 $$f1 $$f2
configure:5177: checking for objdir
configure:5192: result: .libs
configure:7228: checking for default BUILD_CONFIG
configure:7260: result: 
configure:7750: checking for bison
configure:7766: found /usr/bin/bison
configure:7777: result: bison -y
configure:7798: checking for bison
configure:7814: found /usr/bin/bison
configure:7825: result: bison
configure:7845: checking for gm4
configure:7875: result: no
configure:7845: checking for gnum4
configure:7875: result: no
configure:7845: checking for m4
configure:7861: found /usr/bin/m4
configure:7872: result: m4
configure:7892: checking for flex
configure:7908: found /usr/bin/flex
configure:7919: result: flex
configure:7940: checking for flex
configure:7956: found /usr/bin/flex
configure:7967: result: flex
configure:7987: checking for makeinfo
configure:8003: found /usr/bin/makeinfo
configure:8014: result: makeinfo
configure:8048: checking for expect
configure:8078: result: no
configure:8097: checking for runtest
configure:8127: result: no
configure:8242: checking for ar
configure:8258: found /usr/bin/ar
configure:8269: result: ar
configure:8383: checking for as
configure:8399: found /usr/bin/as
configure:8410: result: as
configure:8524: checking for dlltool
configure:8554: result: no
configure:8665: checking for ld
configure:8681: found /usr/bin/ld
configure:8692: result: ld
configure:8806: checking for lipo
configure:8836: result: no
configure:8947: checking for nm
configure:8963: found /usr/bin/nm
configure:8974: result: nm
configure:9088: checking for ranlib
configure:9104: found /usr/bin/ranlib
configure:9115: result: ranlib
configure:9224: checking for strip
configure:9240: found /usr/bin/strip
configure:9251: result: strip
configure:9360: checking for windres
configure:9390: result: no
configure:9501: checking for windmc
configure:9531: result: no
configure:9642: checking for objcopy
configure:9658: found /usr/bin/objcopy
configure:9669: result: objcopy
configure:9783: checking for objdump
configure:9799: found /usr/bin/objdump
configure:9810: result: objdump
configure:9924: checking for i686-lfs-linux-gnu-cc
configure:9954: result: no
configure:9924: checking for i686-lfs-linux-gnu-gcc
configure:9954: result: no
configure:10085: checking for i686-lfs-linux-gnu-c++
configure:10115: result: no
configure:10085: checking for i686-lfs-linux-gnu-g++
configure:10115: result: no
configure:10085: checking for i686-lfs-linux-gnu-cxx
configure:10115: result: no
configure:10085: checking for i686-lfs-linux-gnu-gxx
configure:10115: result: no
configure:10246: checking for i686-lfs-linux-gnu-gcc
configure:10276: result: no
configure:10402: checking for i686-lfs-linux-gnu-gcj
configure:10432: result: no
configure:10563: checking for i686-lfs-linux-gnu-gfortran
configure:10593: result: no
configure:10724: checking for i686-lfs-linux-gnu-gccgo
configure:10754: result: no
configure:10854: checking for ar
configure:10872: found /tools/i686-lfs-linux-gnu/bin/ar
configure:10884: result: /tools/i686-lfs-linux-gnu/bin/ar
configure:11084: checking for as
configure:11102: found /tools/i686-lfs-linux-gnu/bin/as
configure:11114: result: /tools/i686-lfs-linux-gnu/bin/as
configure:11314: checking for dlltool
configure:11347: result: no
configure:11425: checking for i686-lfs-linux-gnu-dlltool
configure:11455: result: no
configure:11544: checking for ld
configure:11562: found /tools/i686-lfs-linux-gnu/bin/ld
configure:11574: result: /tools/i686-lfs-linux-gnu/bin/ld
configure:11774: checking for lipo
configure:11807: result: no
configure:11885: checking for i686-lfs-linux-gnu-lipo
configure:11915: result: no
configure:12004: checking for nm
configure:12022: found /tools/i686-lfs-linux-gnu/bin/nm
configure:12034: result: /tools/i686-lfs-linux-gnu/bin/nm
configure:12234: checking for objdump
configure:12252: found /tools/i686-lfs-linux-gnu/bin/objdump
configure:12264: result: /tools/i686-lfs-linux-gnu/bin/objdump
configure:12464: checking for ranlib
configure:12482: found /tools/i686-lfs-linux-gnu/bin/ranlib
configure:12494: result: /tools/i686-lfs-linux-gnu/bin/ranlib
configure:12694: checking for strip
configure:12712: found /tools/i686-lfs-linux-gnu/bin/strip
configure:12724: result: /tools/i686-lfs-linux-gnu/bin/strip
configure:12924: checking for windres
configure:12957: result: no
configure:13035: checking for i686-lfs-linux-gnu-windres
configure:13065: result: no
configure:13154: checking for windmc
configure:13187: result: no
configure:13265: checking for i686-lfs-linux-gnu-windmc
configure:13295: result: no
configure:13362: checking where to find the target ar
configure:13390: result: pre-installed in /tools/i686-lfs-linux-gnu/bin
configure:13404: checking where to find the target as
configure:13432: result: pre-installed in /tools/i686-lfs-linux-gnu/bin
configure:13446: checking where to find the target cc
configure:13469: result: just compiled
configure:13488: checking where to find the target c++
configure:13528: result: pre-installed
configure:13533: checking where to find the target c++ for libstdc++
configure:13573: result: pre-installed
configure:13578: checking where to find the target dlltool
configure:13615: result: pre-installed
configure:13620: checking where to find the target gcc
configure:13643: result: just compiled
configure:13662: checking where to find the target gcj
configure:13702: result: pre-installed
configure:13707: checking where to find the target gfortran
configure:13747: result: pre-installed
configure:13752: checking where to find the target gccgo
configure:13792: result: pre-installed
configure:13797: checking where to find the target ld
configure:13825: result: pre-installed in /tools/i686-lfs-linux-gnu/bin
configure:13839: checking where to find the target lipo
configure:13865: result: pre-installed
configure:13870: checking where to find the target nm
configure:13898: result: pre-installed in /tools/i686-lfs-linux-gnu/bin
configure:13912: checking where to find the target objdump
configure:13940: result: pre-installed in /tools/i686-lfs-linux-gnu/bin
configure:13954: checking where to find the target ranlib
configure:13982: result: pre-installed in /tools/i686-lfs-linux-gnu/bin
configure:13996: checking where to find the target strip
configure:14024: result: pre-installed in /tools/i686-lfs-linux-gnu/bin
configure:14038: checking where to find the target windres
configure:14075: result: pre-installed
configure:14080: checking where to find the target windmc
configure:14117: result: pre-installed
configure:14150: checking whether to enable maintainer-specific portions of Makefiles
configure:14159: result: no
configure:14192: checking whether -fkeep-inline-functions is supported
configure:14211: gcc -c -g -O2 -fkeep-inline-functions  conftest.c >&5
configure:14211: $? = 0
configure:14212: result: yes
configure:14409: creating ./config.status

## ---------------------- ##
## Running config.status. ##
## ---------------------- ##

This file was extended by config.status, which was
generated by GNU Autoconf 2.64.  Invocation command line was

  CONFIG_FILES    = 
  CONFIG_HEADERS  = 
  CONFIG_LINKS    = 
  CONFIG_COMMANDS = 
  $ ./config.status 

on localhost

config.status:957: creating Makefile

## ---------------- ##
## Cache variables. ##
## ---------------- ##

ac_cv_build=i686-pc-linux-gnu
ac_cv_c_compiler_gnu=yes
ac_cv_cxx_compiler_gnu=yes
ac_cv_env_AR_FOR_TARGET_set=
ac_cv_env_AR_FOR_TARGET_value=
ac_cv_env_AR_set=
ac_cv_env_AR_value=
ac_cv_env_AS_FOR_TARGET_set=
ac_cv_env_AS_FOR_TARGET_value=
ac_cv_env_AS_set=
ac_cv_env_AS_value=
ac_cv_env_CCC_set=
ac_cv_env_CCC_value=
ac_cv_env_CC_FOR_TARGET_set=
ac_cv_env_CC_FOR_TARGET_value=
ac_cv_env_CC_set=
ac_cv_env_CC_value=
ac_cv_env_CFLAGS_set=
ac_cv_env_CFLAGS_value=
ac_cv_env_CPPFLAGS_set=
ac_cv_env_CPPFLAGS_value=
ac_cv_env_CXXFLAGS_set=
ac_cv_env_CXXFLAGS_value=
ac_cv_env_CXX_FOR_TARGET_set=
ac_cv_env_CXX_FOR_TARGET_value=
ac_cv_env_CXX_set=
ac_cv_env_CXX_value=
ac_cv_env_DLLTOOL_FOR_TARGET_set=
ac_cv_env_DLLTOOL_FOR_TARGET_value=
ac_cv_env_DLLTOOL_set=
ac_cv_env_DLLTOOL_value=
ac_cv_env_GCC_FOR_TARGET_set=
ac_cv_env_GCC_FOR_TARGET_value=
ac_cv_env_GCJ_FOR_TARGET_set=
ac_cv_env_GCJ_FOR_TARGET_value=
ac_cv_env_GFORTRAN_FOR_TARGET_set=
ac_cv_env_GFORTRAN_FOR_TARGET_value=
ac_cv_env_GOC_FOR_TARGET_set=
ac_cv_env_GOC_FOR_TARGET_value=
ac_cv_env_LDFLAGS_set=
ac_cv_env_LDFLAGS_value=
ac_cv_env_LD_FOR_TARGET_set=
ac_cv_env_LD_FOR_TARGET_value=
ac_cv_env_LD_set=
ac_cv_env_LD_value=
ac_cv_env_LIBS_set=
ac_cv_env_LIBS_value=
ac_cv_env_LIPO_FOR_TARGET_set=
ac_cv_env_LIPO_FOR_TARGET_value=
ac_cv_env_LIPO_set=
ac_cv_env_LIPO_value=
ac_cv_env_NM_FOR_TARGET_set=
ac_cv_env_NM_FOR_TARGET_value=
ac_cv_env_NM_set=
ac_cv_env_NM_value=
ac_cv_env_OBJCOPY_set=
ac_cv_env_OBJCOPY_value=
ac_cv_env_OBJDUMP_FOR_TARGET_set=
ac_cv_env_OBJDUMP_FOR_TARGET_value=
ac_cv_env_OBJDUMP_set=
ac_cv_env_OBJDUMP_value=
ac_cv_env_RANLIB_FOR_TARGET_set=
ac_cv_env_RANLIB_FOR_TARGET_value=
ac_cv_env_RANLIB_set=
ac_cv_env_RANLIB_value=
ac_cv_env_STRIP_FOR_TARGET_set=
ac_cv_env_STRIP_FOR_TARGET_value=
ac_cv_env_STRIP_set=
ac_cv_env_STRIP_value=
ac_cv_env_WINDMC_FOR_TARGET_set=
ac_cv_env_WINDMC_FOR_TARGET_value=
ac_cv_env_WINDMC_set=
ac_cv_env_WINDMC_value=
ac_cv_env_WINDRES_FOR_TARGET_set=
ac_cv_env_WINDRES_FOR_TARGET_value=
ac_cv_env_WINDRES_set=
ac_cv_env_WINDRES_value=
ac_cv_env_build_alias_set=
ac_cv_env_build_alias_value=
ac_cv_env_build_configargs_set=
ac_cv_env_build_configargs_value=
ac_cv_env_host_alias_set=
ac_cv_env_host_alias_value=
ac_cv_env_host_configargs_set=
ac_cv_env_host_configargs_value=
ac_cv_env_target_alias_set=set
ac_cv_env_target_alias_value=i686-lfs-linux-gnu
ac_cv_env_target_configargs_set=
ac_cv_env_target_configargs_value=
ac_cv_host=i686-pc-linux-gnu
ac_cv_objext=o
ac_cv_path_AR_FOR_TARGET=/tools/i686-lfs-linux-gnu/bin/ar
ac_cv_path_AS_FOR_TARGET=/tools/i686-lfs-linux-gnu/bin/as
ac_cv_path_LD_FOR_TARGET=/tools/i686-lfs-linux-gnu/bin/ld
ac_cv_path_NM_FOR_TARGET=/tools/i686-lfs-linux-gnu/bin/nm
ac_cv_path_OBJDUMP_FOR_TARGET=/tools/i686-lfs-linux-gnu/bin/objdump
ac_cv_path_RANLIB_FOR_TARGET=/tools/i686-lfs-linux-gnu/bin/ranlib
ac_cv_path_SED=/bin/sed
ac_cv_path_STRIP_FOR_TARGET=/tools/i686-lfs-linux-gnu/bin/strip
ac_cv_path_install='/usr/bin/install -c'
ac_cv_prog_AR=ar
ac_cv_prog_AS=as
ac_cv_prog_AWK=gawk
ac_cv_prog_BISON=bison
ac_cv_prog_FLEX=flex
ac_cv_prog_LD=ld
ac_cv_prog_LEX=flex
ac_cv_prog_M4=m4
ac_cv_prog_MAKEINFO=makeinfo
ac_cv_prog_NM=nm
ac_cv_prog_OBJCOPY=objcopy
ac_cv_prog_OBJDUMP=objdump
ac_cv_prog_RANLIB=ranlib
ac_cv_prog_STRIP=strip
ac_cv_prog_YACC='bison -y'
ac_cv_prog_ac_ct_CC=gcc
ac_cv_prog_ac_ct_CXX=g++
ac_cv_prog_cc_c89=
ac_cv_prog_cc_g=yes
ac_cv_prog_cxx_g=yes
ac_cv_target=i686-lfs-linux-gnu
acx_cv_cc_gcc_supports_ada=no
acx_cv_prog_LN=ln
gcc_cv_prog_cmp_skip='cmp --ignore-initial=16 $$f1 $$f2'
gcc_cv_tool_dirs=/tools/libexec/gcc/i686-lfs-linux-gnu/4.6.2:/tools/libexec/gcc/i686-lfs-linux-gnu:/usr/lib/gcc/i686-lfs-linux-gnu/4.6.2:/usr/lib/gcc/i686-lfs-linux-gnu:/tools/i686-lfs-linux-gnu/bin/i686-lfs-linux-gnu/4.6.2:/tools/i686-lfs-linux-gnu/bin:
gcc_cv_tool_prefix=/tools
lt_cv_objdir=.libs

## ----------------- ##
## Output variables. ##
## ----------------- ##

AR='ar'
AR_FOR_BUILD='$(AR)'
AR_FOR_TARGET='/tools/i686-lfs-linux-gnu/bin/ar'
AS='as'
AS_FOR_BUILD='$(AS)'
AS_FOR_TARGET='/tools/i686-lfs-linux-gnu/bin/as'
AWK='gawk'
BISON='bison'
BUILD_CONFIG=''
CC='gcc'
CC_FOR_BUILD='$(CC)'
CC_FOR_TARGET='$$r/$(HOST_SUBDIR)/gcc/xgcc -B$$r/$(HOST_SUBDIR)/gcc/'
CFLAGS='-g -O2'
CFLAGS_FOR_BUILD='-g -O2'
CFLAGS_FOR_TARGET='-g -O2'
COMPILER_AS_FOR_TARGET='$$r/$(HOST_SUBDIR)/gcc/as'
COMPILER_LD_FOR_TARGET='$$r/$(HOST_SUBDIR)/gcc/collect-ld'
COMPILER_NM_FOR_TARGET='$$r/$(HOST_SUBDIR)/gcc/nm'
CONFIGURE_GDB_TK=''
CPPFLAGS=''
CXX='g++'
CXXFLAGS='-g -O2'
CXXFLAGS_FOR_BUILD='-g -O2'
CXXFLAGS_FOR_TARGET='-g -O2'
CXX_FOR_BUILD='$(CXX)'
CXX_FOR_TARGET='i686-lfs-linux-gnu-c++'
DEBUG_PREFIX_CFLAGS_FOR_TARGET=''
DEFS='-DPACKAGE_NAME=\"\" -DPACKAGE_TARNAME=\"\" -DPACKAGE_VERSION=\"\" -DPACKAGE_STRING=\"\" -DPACKAGE_BUGREPORT=\"\" -DPACKAGE_URL=\"\" -DLT_OBJDIR=\".libs/\"'
DLLTOOL='dlltool'
DLLTOOL_FOR_BUILD='$(DLLTOOL)'
DLLTOOL_FOR_TARGET='i686-lfs-linux-gnu-dlltool'
ECHO_C=''
ECHO_N='-n'
ECHO_T=''
EXEEXT=''
EXPECT='expect'
FLAGS_FOR_TARGET=' -B$(build_tooldir)/bin/ -B$(build_tooldir)/lib/ -isystem $(build_tooldir)/include -isystem $(build_tooldir)/sys-include'
FLEX='flex'
GCC_FOR_TARGET='$$r/$(HOST_SUBDIR)/gcc/xgcc -B$$r/$(HOST_SUBDIR)/gcc/'
GCC_SHLIB_SUBDIR=''
GCJ_FOR_BUILD='$(GCJ)'
GCJ_FOR_TARGET='i686-lfs-linux-gnu-gcj'
GDB_TK=''
GFORTRAN_FOR_BUILD='$(GFORTRAN)'
GFORTRAN_FOR_TARGET='i686-lfs-linux-gnu-gfortran'
GNATBIND='no'
GNATMAKE='no'
GOC_FOR_BUILD='$(GOC)'
GOC_FOR_TARGET='i686-lfs-linux-gnu-gccgo'
INSTALL_DATA='${INSTALL} -m 644'
INSTALL_GDB_TK=''
INSTALL_PROGRAM='${INSTALL}'
INSTALL_SCRIPT='${INSTALL}'
LD='ld'
LDFLAGS=''
LDFLAGS_FOR_BUILD=''
LD_FOR_BUILD='$(LD)'
LD_FOR_TARGET='/tools/i686-lfs-linux-gnu/bin/ld'
LEX='flex'
LIBOBJS=''
LIBS=''
LIPO='lipo'
LIPO_FOR_TARGET='i686-lfs-linux-gnu-lipo'
LN='ln'
LN_S='ln -s'
LTLIBOBJS=''
M4='m4'
MAINT='#'
MAINTAINER_MODE_FALSE=''
MAINTAINER_MODE_TRUE='#'
MAKEINFO='makeinfo'
NM='nm'
NM_FOR_BUILD='$(NM)'
NM_FOR_TARGET='/tools/i686-lfs-linux-gnu/bin/nm'
OBJCOPY='objcopy'
OBJDUMP='objdump'
OBJDUMP_FOR_TARGET='/tools/i686-lfs-linux-gnu/bin/objdump'
OBJEXT='o'
PACKAGE_BUGREPORT=''
PACKAGE_NAME=''
PACKAGE_STRING=''
PACKAGE_TARNAME=''
PACKAGE_URL=''
PACKAGE_VERSION=''
PATH_SEPARATOR=':'
RANLIB='ranlib'
RANLIB_FOR_BUILD='$(RANLIB)'
RANLIB_FOR_TARGET='/tools/i686-lfs-linux-gnu/bin/ranlib'
RAW_CXX_FOR_TARGET='i686-lfs-linux-gnu-c++'
RPATH_ENVVAR='LD_LIBRARY_PATH'
RUNTEST='runtest'
SED='/bin/sed'
SHELL='/bin/sh'
STRIP='strip'
STRIP_FOR_TARGET='/tools/i686-lfs-linux-gnu/bin/strip'
SYSROOT_CFLAGS_FOR_TARGET=''
TOPLEVEL_CONFIGURE_ARGUMENTS='../gcc-4.6.2/configure --target=i686-lfs-linux-gnu --prefix=/tools --disable-nls --disable-shared --disable-multilib --disable-decimal-float --disable-threads --disable-libmudflap --disable-libssp --disable-libgomp --disable-libquadmath --disable-target-libiberty --disable-target-zlib --enable-languages=c --without-ppl --without-cloog --with-mpfr-include=/sources/builddir/gcc-build/../gcc-4.6.2/mpfr/src --with-mpfr-lib=/sources/builddir/gcc-build/mpfr/src/.libs'
WINDMC='windmc'
WINDMC_FOR_BUILD='$(WINDMC)'
WINDMC_FOR_TARGET='i686-lfs-linux-gnu-windmc'
WINDRES='windres'
WINDRES_FOR_BUILD='$(WINDRES)'
WINDRES_FOR_TARGET='i686-lfs-linux-gnu-windres'
YACC='bison -y'
ac_ct_CC='gcc'
ac_ct_CXX='g++'
bindir='${exec_prefix}/bin'
build='i686-pc-linux-gnu'
build_alias=''
build_configargs=' --cache-file=../config.cache '\''--prefix=/tools'\'' '\''--disable-nls'\'' '\''--disable-shared'\'' '\''--disable-multilib'\'' '\''--disable-decimal-float'\'' '\''--disable-threads'\'' '\''--disable-libmudflap'\'' '\''--disable-libssp'\'' '\''--disable-libgomp'\'' '\''--disable-libquadmath'\'' '\''--disable-target-libiberty'\'' '\''--disable-target-zlib'\'' '\''--without-ppl'\'' '\''--without-cloog'\'' '\''--with-mpfr-include=/sources/builddir/gcc-build/../gcc-4.6.2/mpfr/src'\'' '\''--with-mpfr-lib=/sources/builddir/gcc-build/mpfr/src/.libs'\'' '\''--enable-languages=c,lto'\'' --program-transform-name='\''s&^&i686-lfs-linux-gnu-&'\'' --disable-option-checking'
build_configdirs=' libiberty fixincludes'
build_cpu='i686'
build_libsubdir='build-i686-pc-linux-gnu'
build_noncanonical='i686-pc-linux-gnu'
build_os='linux-gnu'
build_subdir='build-i686-pc-linux-gnu'
build_tooldir='${exec_prefix}/i686-lfs-linux-gnu'
build_vendor='pc'
clooginc=''
clooglibs=''
compare_exclusions='gcc/cc*-checksum$(objext) | gcc/ada/*tools/*'
config_shell='/bin/sh'
configdirs=' intl libiberty zlib libcpp libdecnumber gmp mpfr mpc fixincludes gcc lto-plugin'
datadir='${datarootdir}'
datarootdir='${prefix}/share'
do_compare='cmp --ignore-initial=16 $$f1 $$f2'
docdir='${datarootdir}/doc/${PACKAGE}'
dvidir='${docdir}'
exec_prefix='${prefix}'
extra_host_libiberty_configure_flags='--enable-shared'
extra_mpc_gmp_configure_flags='--with-gmp-include=$$r/$(HOST_SUBDIR)/gmp --with-gmp-lib=$$r/$(HOST_SUBDIR)/gmp/.libs'
extra_mpc_mpfr_configure_flags=''
extra_mpfr_configure_flags='--with-gmp-include=$$r/$(HOST_SUBDIR)/gmp --with-gmp-lib=$$r/$(HOST_SUBDIR)/gmp/.libs'
gmpinc='-I$$r/$(HOST_SUBDIR)/gmp -I$$s/gmp -I/sources/builddir/gcc-build/../gcc-4.6.2/mpfr/src -I$$s/mpc/src '
gmplibs='-L$$r/$(HOST_SUBDIR)/gmp/.libs -L/sources/builddir/gcc-build/mpfr/src/.libs -L$$r/$(HOST_SUBDIR)/mpc/src/.libs -lmpc -lmpfr -lgmp'
host='i686-pc-linux-gnu'
host_alias=''
host_configargs=' --cache-file=./config.cache  '\''--prefix=/tools'\'' '\''--disable-nls'\'' '\''--disable-shared'\'' '\''--disable-multilib'\'' '\''--disable-decimal-float'\'' '\''--disable-threads'\'' '\''--disable-libmudflap'\'' '\''--disable-libssp'\'' '\''--disable-libgomp'\'' '\''--disable-libquadmath'\'' '\''--disable-target-libiberty'\'' '\''--disable-target-zlib'\'' '\''--without-ppl'\'' '\''--without-cloog'\'' '\''--with-mpfr-include=/sources/builddir/gcc-build/../gcc-4.6.2/mpfr/src'\'' '\''--with-mpfr-lib=/sources/builddir/gcc-build/mpfr/src/.libs'\'' '\''--enable-languages=c,lto'\'' --program-transform-name='\''s&^&i686-lfs-linux-gnu-&'\'' --disable-option-checking'
host_cpu='i686'
host_noncanonical='i686-pc-linux-gnu'
host_os='linux-gnu'
host_subdir='.'
host_vendor='pc'
htmldir='${docdir}'
includedir='${prefix}/include'
infodir='${datarootdir}/info'
libdir='${exec_prefix}/lib'
libexecdir='${exec_prefix}/libexec'
localedir='${datarootdir}/locale'
localstatedir='${prefix}/var'
mandir='${datarootdir}/man'
oldincludedir='/usr/include'
pdfdir='${docdir}'
poststage1_ldflags='-static-libstdc++ -static-libgcc'
poststage1_libs=''
pplinc=''
ppllibs=''
prefix='/tools'
program_transform_name='s&^&i686-lfs-linux-gnu-&'
psdir='${docdir}'
sbindir='${exec_prefix}/sbin'
sharedstatedir='${prefix}/com'
stage1_cflags='-g -fkeep-inline-functions'
stage1_checking='--enable-checking=yes,types'
stage1_languages='c,lto'
stage1_ldflags=''
stage1_libs=''
stage2_werror_flag=''
sysconfdir='${prefix}/etc'
target='i686-lfs-linux-gnu'
target_alias='i686-lfs-linux-gnu'
target_configargs='--cache-file=./config.cache --with-cross-host=i686-pc-linux-gnu   '\''--prefix=/tools'\'' '\''--disable-nls'\'' '\''--disable-shared'\'' '\''--disable-multilib'\'' '\''--disable-decimal-float'\'' '\''--disable-threads'\'' '\''--disable-libmudflap'\'' '\''--disable-libssp'\'' '\''--disable-libgomp'\'' '\''--disable-libquadmath'\'' '\''--disable-target-libiberty'\'' '\''--disable-target-zlib'\'' '\''--enable-languages=c,lto'\'' --program-transform-name='\''s&^&i686-lfs-linux-gnu-&'\'' --disable-option-checking'
target_configdirs=' libgcc'
target_cpu='i686'
target_noncanonical='i686-lfs-linux-gnu'
target_os='linux-gnu'
target_subdir='i686-lfs-linux-gnu'
target_vendor='lfs'
tooldir='${exec_prefix}/i686-lfs-linux-gnu'

## ------------------- ##
## File substitutions. ##
## ------------------- ##

alphaieee_frag='/dev/null'
host_makefile_frag='../gcc-4.6.2/config/mh-x86omitfp'
ospace_frag='/dev/null'
serialization_dependencies='serdep.tmp'
target_makefile_frag='../gcc-4.6.2/config/mt-gnu'

## ----------- ##
## confdefs.h. ##
## ----------- ##

/* confdefs.h */
#define PACKAGE_NAME ""
#define PACKAGE_TARNAME ""
#define PACKAGE_VERSION ""
#define PACKAGE_STRING ""
#define PACKAGE_BUGREPORT ""
#define PACKAGE_URL ""
#define LT_OBJDIR ".libs/"

configure: exit 0
